{"uuid":"acd59d2f-9eda-4a8c-86e5-3118f09766cb","historyId":"465458a26f8f6fa55f8add7a6b7712b7","testCaseId":"136bb33011e6f8f5b3c0a6dbc14ae779","fullName":"src/test/resources/features/Login.feature:20","labels":[{"name":"tag","value":"test1"},{"name":"host","value":"DESKTOP-JQ6FAIF"},{"name":"thread","value":"10668@DESKTOP-JQ6FAIF.main(1)"},{"name":"feature","value":"User to launch and work on calculator APK"},{"name":"story","value":"User to launch a store app and perform unsuccess login(Without name)"},{"name":"suite","value":"User to launch and work on calculator APK"},{"name":"testClass","value":"User to launch a store app and perform unsuccess login(Without name)"},{"name":"framework","value":"cucumber4jvm"},{"name":"language","value":"java"},{"name":"gherkin_uri","value":"file:///C:/Users/Hp/IdeaProjects/AppiumBDDFramework/src/test/resources/features/Login.feature"},{"name":"package","value":"src.test.resources.features.Login_feature.User to launch and work on calculator APK"}],"links":[],"name":"User to launch a store app and perform unsuccess login(Without name)","status":"broken","statusDetails":{"known":false,"muted":false,"flaky":false,"message":"An element could not be located on the page using the given search parameters.\nFor documentation on this error, please visit: https://www.selenium.dev/documentation/webdriver/troubleshooting/errors#no-such-element-exception\nBuild info: version: '4.27.0', revision: 'd6e718d134'\nSystem info: os.name: 'Windows 10', os.arch: 'amd64', os.version: '10.0', java.version: '18.0.2'\nDriver info: io.appium.java_client.AppiumDriver\nCommand: [7daf5d0c-2f66-4cea-ac73-5b2909309a27, findElement {value=new UiScrollable(new UiSelector()).scrollIntoView(text(\"India\"));, using=-android uiautomator}]\nCapabilities {appium:app: C:\\Users\\Hp\\Downloads\\Gener..., appium:appPackage: com.androidsample.generalstore, appium:automationName: UIAutomator2, appium:databaseEnabled: false, appium:desired: {app: C:\\Users\\Hp\\Downloads\\Gener..., automationName: UIAutomator2, deviceName: Pixel 7 Pro API 34, noReset: true, platformName: ANDROID}, appium:deviceApiLevel: 34, appium:deviceManufacturer: Google, appium:deviceModel: sdk_gphone64_x86_64, appium:deviceName: emulator-5554, appium:deviceScreenDensity: 480, appium:deviceScreenSize: 1344x2992, appium:deviceUDID: emulator-5554, appium:javascriptEnabled: true, appium:locationContextEnabled: false, appium:networkConnectionEnabled: true, appium:noReset: true, appium:pixelRatio: 3, appium:platformVersion: 14, appium:statBarHeight: 72, appium:takesScreenshot: true, appium:viewportRect: {height: 2920, left: 0, top: 72, width: 1344}, appium:warnings: {}, appium:webStorageEnabled: false, platformName: ANDROID}\nSession ID: 7daf5d0c-2f66-4cea-ac73-5b2909309a27","trace":"org.openqa.selenium.NoSuchElementException: An element could not be located on the page using the given search parameters.\nFor documentation on this error, please visit: https://www.selenium.dev/documentation/webdriver/troubleshooting/errors#no-such-element-exception\nBuild info: version: '4.27.0', revision: 'd6e718d134'\nSystem info: os.name: 'Windows 10', os.arch: 'amd64', os.version: '10.0', java.version: '18.0.2'\nDriver info: io.appium.java_client.AppiumDriver\nCommand: [7daf5d0c-2f66-4cea-ac73-5b2909309a27, findElement {value=new UiScrollable(new UiSelector()).scrollIntoView(text(\"India\"));, using=-android uiautomator}]\nCapabilities {appium:app: C:\\Users\\Hp\\Downloads\\Gener..., appium:appPackage: com.androidsample.generalstore, appium:automationName: UIAutomator2, appium:databaseEnabled: false, appium:desired: {app: C:\\Users\\Hp\\Downloads\\Gener..., automationName: UIAutomator2, deviceName: Pixel 7 Pro API 34, noReset: true, platformName: ANDROID}, appium:deviceApiLevel: 34, appium:deviceManufacturer: Google, appium:deviceModel: sdk_gphone64_x86_64, appium:deviceName: emulator-5554, appium:deviceScreenDensity: 480, appium:deviceScreenSize: 1344x2992, appium:deviceUDID: emulator-5554, appium:javascriptEnabled: true, appium:locationContextEnabled: false, appium:networkConnectionEnabled: true, appium:noReset: true, appium:pixelRatio: 3, appium:platformVersion: 14, appium:statBarHeight: 72, appium:takesScreenshot: true, appium:viewportRect: {height: 2920, left: 0, top: 72, width: 1344}, appium:warnings: {}, appium:webStorageEnabled: false, platformName: ANDROID}\nSession ID: 7daf5d0c-2f66-4cea-ac73-5b2909309a27\r\n\tat java.base/jdk.internal.reflect.DirectConstructorHandleAccessor.newInstance(DirectConstructorHandleAccessor.java:67)\r\n\tat java.base/java.lang.reflect.Constructor.newInstanceWithCaller(Constructor.java:499)\r\n\tat java.base/java.lang.reflect.Constructor.newInstance(Constructor.java:483)\r\n\tat org.openqa.selenium.remote.ErrorCodec.decode(ErrorCodec.java:167)\r\n\tat org.openqa.selenium.remote.codec.w3c.W3CHttpResponseCodec.decode(W3CHttpResponseCodec.java:138)\r\n\tat org.openqa.selenium.remote.codec.w3c.W3CHttpResponseCodec.decode(W3CHttpResponseCodec.java:50)\r\n\tat org.openqa.selenium.remote.HttpCommandExecutor.execute(HttpCommandExecutor.java:190)\r\n\tat io.appium.java_client.remote.AppiumCommandExecutor.execute(AppiumCommandExecutor.java:237)\r\n\tat org.openqa.selenium.remote.RemoteWebDriver.execute(RemoteWebDriver.java:545)\r\n\tat org.openqa.selenium.remote.ElementLocation$ElementFinder$2.findElement(ElementLocation.java:165)\r\n\tat org.openqa.selenium.remote.ElementLocation.findElement(ElementLocation.java:66)\r\n\tat org.openqa.selenium.remote.RemoteWebDriver.findElement(RemoteWebDriver.java:368)\r\n\tat org.openqa.selenium.remote.RemoteWebDriver.findElement(RemoteWebDriver.java:362)\r\n\tat PageObjects.LoginPage.selectCountry(LoginPage.java:52)\r\n\tat StepDefinitions.LoginSteps.user_to_select_country_dropdown(LoginSteps.java:81)\r\n\tat ✽.User to select country dropdown(file:///C:/Users/Hp/IdeaProjects/AppiumBDDFramework/src/test/resources/features/Login.feature:23)\r\n"},"stage":"finished","steps":[{"name":"Given user to launch store app","status":"passed","statusDetails":{"known":false,"muted":false,"flaky":false},"stage":"finished","steps":[],"attachments":[],"parameters":[],"start":1734318934555,"stop":1734318944182},{"name":"When User to enter login details name","status":"passed","statusDetails":{"known":false,"muted":false,"flaky":false},"stage":"finished","steps":[],"attachments":[],"parameters":[],"start":1734318944184,"stop":1734318948762},{"name":"And User to select country dropdown","status":"broken","statusDetails":{"known":false,"muted":false,"flaky":false,"message":"An element could not be located on the page using the given search parameters.\nFor documentation on this error, please visit: https://www.selenium.dev/documentation/webdriver/troubleshooting/errors#no-such-element-exception\nBuild info: version: '4.27.0', revision: 'd6e718d134'\nSystem info: os.name: 'Windows 10', os.arch: 'amd64', os.version: '10.0', java.version: '18.0.2'\nDriver info: io.appium.java_client.AppiumDriver\nCommand: [7daf5d0c-2f66-4cea-ac73-5b2909309a27, findElement {value=new UiScrollable(new UiSelector()).scrollIntoView(text(\"India\"));, using=-android uiautomator}]\nCapabilities {appium:app: C:\\Users\\Hp\\Downloads\\Gener..., appium:appPackage: com.androidsample.generalstore, appium:automationName: UIAutomator2, appium:databaseEnabled: false, appium:desired: {app: C:\\Users\\Hp\\Downloads\\Gener..., automationName: UIAutomator2, deviceName: Pixel 7 Pro API 34, noReset: true, platformName: ANDROID}, appium:deviceApiLevel: 34, appium:deviceManufacturer: Google, appium:deviceModel: sdk_gphone64_x86_64, appium:deviceName: emulator-5554, appium:deviceScreenDensity: 480, appium:deviceScreenSize: 1344x2992, appium:deviceUDID: emulator-5554, appium:javascriptEnabled: true, appium:locationContextEnabled: false, appium:networkConnectionEnabled: true, appium:noReset: true, appium:pixelRatio: 3, appium:platformVersion: 14, appium:statBarHeight: 72, appium:takesScreenshot: true, appium:viewportRect: {height: 2920, left: 0, top: 72, width: 1344}, appium:warnings: {}, appium:webStorageEnabled: false, platformName: ANDROID}\nSession ID: 7daf5d0c-2f66-4cea-ac73-5b2909309a27","trace":"org.openqa.selenium.NoSuchElementException: An element could not be located on the page using the given search parameters.\nFor documentation on this error, please visit: https://www.selenium.dev/documentation/webdriver/troubleshooting/errors#no-such-element-exception\nBuild info: version: '4.27.0', revision: 'd6e718d134'\nSystem info: os.name: 'Windows 10', os.arch: 'amd64', os.version: '10.0', java.version: '18.0.2'\nDriver info: io.appium.java_client.AppiumDriver\nCommand: [7daf5d0c-2f66-4cea-ac73-5b2909309a27, findElement {value=new UiScrollable(new UiSelector()).scrollIntoView(text(\"India\"));, using=-android uiautomator}]\nCapabilities {appium:app: C:\\Users\\Hp\\Downloads\\Gener..., appium:appPackage: com.androidsample.generalstore, appium:automationName: UIAutomator2, appium:databaseEnabled: false, appium:desired: {app: C:\\Users\\Hp\\Downloads\\Gener..., automationName: UIAutomator2, deviceName: Pixel 7 Pro API 34, noReset: true, platformName: ANDROID}, appium:deviceApiLevel: 34, appium:deviceManufacturer: Google, appium:deviceModel: sdk_gphone64_x86_64, appium:deviceName: emulator-5554, appium:deviceScreenDensity: 480, appium:deviceScreenSize: 1344x2992, appium:deviceUDID: emulator-5554, appium:javascriptEnabled: true, appium:locationContextEnabled: false, appium:networkConnectionEnabled: true, appium:noReset: true, appium:pixelRatio: 3, appium:platformVersion: 14, appium:statBarHeight: 72, appium:takesScreenshot: true, appium:viewportRect: {height: 2920, left: 0, top: 72, width: 1344}, appium:warnings: {}, appium:webStorageEnabled: false, platformName: ANDROID}\nSession ID: 7daf5d0c-2f66-4cea-ac73-5b2909309a27\r\n\tat java.base/jdk.internal.reflect.DirectConstructorHandleAccessor.newInstance(DirectConstructorHandleAccessor.java:67)\r\n\tat java.base/java.lang.reflect.Constructor.newInstanceWithCaller(Constructor.java:499)\r\n\tat java.base/java.lang.reflect.Constructor.newInstance(Constructor.java:483)\r\n\tat org.openqa.selenium.remote.ErrorCodec.decode(ErrorCodec.java:167)\r\n\tat org.openqa.selenium.remote.codec.w3c.W3CHttpResponseCodec.decode(W3CHttpResponseCodec.java:138)\r\n\tat org.openqa.selenium.remote.codec.w3c.W3CHttpResponseCodec.decode(W3CHttpResponseCodec.java:50)\r\n\tat org.openqa.selenium.remote.HttpCommandExecutor.execute(HttpCommandExecutor.java:190)\r\n\tat io.appium.java_client.remote.AppiumCommandExecutor.execute(AppiumCommandExecutor.java:237)\r\n\tat org.openqa.selenium.remote.RemoteWebDriver.execute(RemoteWebDriver.java:545)\r\n\tat org.openqa.selenium.remote.ElementLocation$ElementFinder$2.findElement(ElementLocation.java:165)\r\n\tat org.openqa.selenium.remote.ElementLocation.findElement(ElementLocation.java:66)\r\n\tat org.openqa.selenium.remote.RemoteWebDriver.findElement(RemoteWebDriver.java:368)\r\n\tat org.openqa.selenium.remote.RemoteWebDriver.findElement(RemoteWebDriver.java:362)\r\n\tat PageObjects.LoginPage.selectCountry(LoginPage.java:52)\r\n\tat StepDefinitions.LoginSteps.user_to_select_country_dropdown(LoginSteps.java:81)\r\n\tat ✽.User to select country dropdown(file:///C:/Users/Hp/IdeaProjects/AppiumBDDFramework/src/test/resources/features/Login.feature:23)\r\n"},"stage":"finished","steps":[],"attachments":[],"parameters":[],"start":1734318948762,"stop":1734318979731},{"name":"And User to check save button","status":"skipped","statusDetails":{"known":false,"muted":false,"flaky":false},"stage":"finished","steps":[],"attachments":[],"parameters":[],"start":1734318979733,"stop":1734318979734},{"name":"Then User to check vaidate unsuccess login error","status":"skipped","statusDetails":{"known":false,"muted":false,"flaky":false},"stage":"finished","steps":[],"attachments":[],"parameters":[],"start":1734318979735,"stop":1734318979735}],"attachments":[],"parameters":[],"start":1734318934553,"stop":1734318979752}