{"uuid":"e63826b0-19cf-4c7c-874e-990b35acf45a","historyId":"cc31241913ac4926b1acd0c787e391c4","testCaseId":"9c9ce3f1f6ab94a2898d574b310f5674","fullName":"src/test/resources/features/Login.feature:11","labels":[{"name":"tag","value":"test"},{"name":"host","value":"DESKTOP-JQ6FAIF"},{"name":"thread","value":"11104@DESKTOP-JQ6FAIF.main(1)"},{"name":"feature","value":"User to launch and work on calculator APK"},{"name":"story","value":"User to launch a edge browser and perform actions"},{"name":"suite","value":"User to launch and work on calculator APK"},{"name":"testClass","value":"User to launch a edge browser and perform actions"},{"name":"framework","value":"cucumber4jvm"},{"name":"language","value":"java"},{"name":"gherkin_uri","value":"file:///C:/Users/Hp/IdeaProjects/AppiumBDDFramework/src/test/resources/features/Login.feature"},{"name":"package","value":"src.test.resources.features.Login_feature.User to launch and work on calculator APK"}],"links":[],"name":"User to launch a edge browser and perform actions","status":"broken","statusDetails":{"known":false,"muted":false,"flaky":false,"message":"Could not parse selector expression `new UiScrollable(new UiSelecter()).scrollIntoView(text(\"India\"))`: UiScrollable has no suitable constructor with arguments [new UiSelecter()]\nFor documentation on this error, please visit: https://www.selenium.dev/documentation/webdriver/troubleshooting/errors#invalid-selector-exception\nBuild info: version: '4.27.0', revision: 'd6e718d134'\nSystem info: os.name: 'Windows 10', os.arch: 'amd64', os.version: '10.0', java.version: '18.0.2'\nDriver info: io.appium.java_client.AppiumDriver\nCommand: [64d01205-6d29-4cac-a8b1-fec7f0cd380f, findElement {value=new UiScrollable(new UiSelecter()).scrollIntoView(text(\"India\"));, using=-android uiautomator}]\nCapabilities {appium:app: C:\\Users\\Hp\\Downloads\\Gener..., appium:appPackage: com.androidsample.generalstore, appium:automationName: UIAutomator2, appium:databaseEnabled: false, appium:desired: {app: C:\\Users\\Hp\\Downloads\\Gener..., automationName: UIAutomator2, deviceName: Pixel 7 Pro API 34, noReset: true, platformName: ANDROID}, appium:deviceApiLevel: 34, appium:deviceManufacturer: Google, appium:deviceModel: sdk_gphone64_x86_64, appium:deviceName: emulator-5554, appium:deviceScreenDensity: 480, appium:deviceScreenSize: 1344x2992, appium:deviceUDID: emulator-5554, appium:javascriptEnabled: true, appium:locationContextEnabled: false, appium:networkConnectionEnabled: true, appium:noReset: true, appium:pixelRatio: 3, appium:platformVersion: 14, appium:statBarHeight: 72, appium:takesScreenshot: true, appium:viewportRect: {height: 2920, left: 0, top: 72, width: 1344}, appium:warnings: {}, appium:webStorageEnabled: false, platformName: ANDROID}\nSession ID: 64d01205-6d29-4cac-a8b1-fec7f0cd380f","trace":"org.openqa.selenium.InvalidSelectorException: Could not parse selector expression `new UiScrollable(new UiSelecter()).scrollIntoView(text(\"India\"))`: UiScrollable has no suitable constructor with arguments [new UiSelecter()]\nFor documentation on this error, please visit: https://www.selenium.dev/documentation/webdriver/troubleshooting/errors#invalid-selector-exception\nBuild info: version: '4.27.0', revision: 'd6e718d134'\nSystem info: os.name: 'Windows 10', os.arch: 'amd64', os.version: '10.0', java.version: '18.0.2'\nDriver info: io.appium.java_client.AppiumDriver\nCommand: [64d01205-6d29-4cac-a8b1-fec7f0cd380f, findElement {value=new UiScrollable(new UiSelecter()).scrollIntoView(text(\"India\"));, using=-android uiautomator}]\nCapabilities {appium:app: C:\\Users\\Hp\\Downloads\\Gener..., appium:appPackage: com.androidsample.generalstore, appium:automationName: UIAutomator2, appium:databaseEnabled: false, appium:desired: {app: C:\\Users\\Hp\\Downloads\\Gener..., automationName: UIAutomator2, deviceName: Pixel 7 Pro API 34, noReset: true, platformName: ANDROID}, appium:deviceApiLevel: 34, appium:deviceManufacturer: Google, appium:deviceModel: sdk_gphone64_x86_64, appium:deviceName: emulator-5554, appium:deviceScreenDensity: 480, appium:deviceScreenSize: 1344x2992, appium:deviceUDID: emulator-5554, appium:javascriptEnabled: true, appium:locationContextEnabled: false, appium:networkConnectionEnabled: true, appium:noReset: true, appium:pixelRatio: 3, appium:platformVersion: 14, appium:statBarHeight: 72, appium:takesScreenshot: true, appium:viewportRect: {height: 2920, left: 0, top: 72, width: 1344}, appium:warnings: {}, appium:webStorageEnabled: false, platformName: ANDROID}\nSession ID: 64d01205-6d29-4cac-a8b1-fec7f0cd380f\r\n\tat java.base/jdk.internal.reflect.DirectConstructorHandleAccessor.newInstance(DirectConstructorHandleAccessor.java:67)\r\n\tat java.base/java.lang.reflect.Constructor.newInstanceWithCaller(Constructor.java:499)\r\n\tat java.base/java.lang.reflect.Constructor.newInstance(Constructor.java:483)\r\n\tat org.openqa.selenium.remote.ErrorCodec.decode(ErrorCodec.java:167)\r\n\tat org.openqa.selenium.remote.codec.w3c.W3CHttpResponseCodec.decode(W3CHttpResponseCodec.java:138)\r\n\tat org.openqa.selenium.remote.codec.w3c.W3CHttpResponseCodec.decode(W3CHttpResponseCodec.java:50)\r\n\tat org.openqa.selenium.remote.HttpCommandExecutor.execute(HttpCommandExecutor.java:190)\r\n\tat io.appium.java_client.remote.AppiumCommandExecutor.execute(AppiumCommandExecutor.java:237)\r\n\tat org.openqa.selenium.remote.RemoteWebDriver.execute(RemoteWebDriver.java:545)\r\n\tat org.openqa.selenium.remote.ElementLocation$ElementFinder$2.findElement(ElementLocation.java:165)\r\n\tat org.openqa.selenium.remote.ElementLocation.findElement(ElementLocation.java:66)\r\n\tat org.openqa.selenium.remote.RemoteWebDriver.findElement(RemoteWebDriver.java:368)\r\n\tat org.openqa.selenium.remote.RemoteWebDriver.findElement(RemoteWebDriver.java:362)\r\n\tat PageObjects.LoginPage.selectCountry(LoginPage.java:49)\r\n\tat StepDefinitions.LoginSteps.user_to_select_country_dropdown(LoginSteps.java:81)\r\n\tat ✽.User to select country dropdown(file:///C:/Users/Hp/IdeaProjects/AppiumBDDFramework/src/test/resources/features/Login.feature:15)\r\n"},"stage":"finished","steps":[{"name":"Given user to launch store app","status":"passed","statusDetails":{"known":false,"muted":false,"flaky":false},"stage":"finished","steps":[],"attachments":[],"parameters":[],"start":1734317019204,"stop":1734317023678},{"name":"When User to enter login details name","status":"passed","statusDetails":{"known":false,"muted":false,"flaky":false},"stage":"finished","steps":[],"attachments":[],"parameters":[],"start":1734317023681,"stop":1734317024325},{"name":"And User to select genderbox","status":"passed","statusDetails":{"known":false,"muted":false,"flaky":false},"stage":"finished","steps":[],"attachments":[],"parameters":[],"start":1734317024325,"stop":1734317025860},{"name":"And User to select country dropdown","status":"broken","statusDetails":{"known":false,"muted":false,"flaky":false,"message":"Could not parse selector expression `new UiScrollable(new UiSelecter()).scrollIntoView(text(\"India\"))`: UiScrollable has no suitable constructor with arguments [new UiSelecter()]\nFor documentation on this error, please visit: https://www.selenium.dev/documentation/webdriver/troubleshooting/errors#invalid-selector-exception\nBuild info: version: '4.27.0', revision: 'd6e718d134'\nSystem info: os.name: 'Windows 10', os.arch: 'amd64', os.version: '10.0', java.version: '18.0.2'\nDriver info: io.appium.java_client.AppiumDriver\nCommand: [64d01205-6d29-4cac-a8b1-fec7f0cd380f, findElement {value=new UiScrollable(new UiSelecter()).scrollIntoView(text(\"India\"));, using=-android uiautomator}]\nCapabilities {appium:app: C:\\Users\\Hp\\Downloads\\Gener..., appium:appPackage: com.androidsample.generalstore, appium:automationName: UIAutomator2, appium:databaseEnabled: false, appium:desired: {app: C:\\Users\\Hp\\Downloads\\Gener..., automationName: UIAutomator2, deviceName: Pixel 7 Pro API 34, noReset: true, platformName: ANDROID}, appium:deviceApiLevel: 34, appium:deviceManufacturer: Google, appium:deviceModel: sdk_gphone64_x86_64, appium:deviceName: emulator-5554, appium:deviceScreenDensity: 480, appium:deviceScreenSize: 1344x2992, appium:deviceUDID: emulator-5554, appium:javascriptEnabled: true, appium:locationContextEnabled: false, appium:networkConnectionEnabled: true, appium:noReset: true, appium:pixelRatio: 3, appium:platformVersion: 14, appium:statBarHeight: 72, appium:takesScreenshot: true, appium:viewportRect: {height: 2920, left: 0, top: 72, width: 1344}, appium:warnings: {}, appium:webStorageEnabled: false, platformName: ANDROID}\nSession ID: 64d01205-6d29-4cac-a8b1-fec7f0cd380f","trace":"org.openqa.selenium.InvalidSelectorException: Could not parse selector expression `new UiScrollable(new UiSelecter()).scrollIntoView(text(\"India\"))`: UiScrollable has no suitable constructor with arguments [new UiSelecter()]\nFor documentation on this error, please visit: https://www.selenium.dev/documentation/webdriver/troubleshooting/errors#invalid-selector-exception\nBuild info: version: '4.27.0', revision: 'd6e718d134'\nSystem info: os.name: 'Windows 10', os.arch: 'amd64', os.version: '10.0', java.version: '18.0.2'\nDriver info: io.appium.java_client.AppiumDriver\nCommand: [64d01205-6d29-4cac-a8b1-fec7f0cd380f, findElement {value=new UiScrollable(new UiSelecter()).scrollIntoView(text(\"India\"));, using=-android uiautomator}]\nCapabilities {appium:app: C:\\Users\\Hp\\Downloads\\Gener..., appium:appPackage: com.androidsample.generalstore, appium:automationName: UIAutomator2, appium:databaseEnabled: false, appium:desired: {app: C:\\Users\\Hp\\Downloads\\Gener..., automationName: UIAutomator2, deviceName: Pixel 7 Pro API 34, noReset: true, platformName: ANDROID}, appium:deviceApiLevel: 34, appium:deviceManufacturer: Google, appium:deviceModel: sdk_gphone64_x86_64, appium:deviceName: emulator-5554, appium:deviceScreenDensity: 480, appium:deviceScreenSize: 1344x2992, appium:deviceUDID: emulator-5554, appium:javascriptEnabled: true, appium:locationContextEnabled: false, appium:networkConnectionEnabled: true, appium:noReset: true, appium:pixelRatio: 3, appium:platformVersion: 14, appium:statBarHeight: 72, appium:takesScreenshot: true, appium:viewportRect: {height: 2920, left: 0, top: 72, width: 1344}, appium:warnings: {}, appium:webStorageEnabled: false, platformName: ANDROID}\nSession ID: 64d01205-6d29-4cac-a8b1-fec7f0cd380f\r\n\tat java.base/jdk.internal.reflect.DirectConstructorHandleAccessor.newInstance(DirectConstructorHandleAccessor.java:67)\r\n\tat java.base/java.lang.reflect.Constructor.newInstanceWithCaller(Constructor.java:499)\r\n\tat java.base/java.lang.reflect.Constructor.newInstance(Constructor.java:483)\r\n\tat org.openqa.selenium.remote.ErrorCodec.decode(ErrorCodec.java:167)\r\n\tat org.openqa.selenium.remote.codec.w3c.W3CHttpResponseCodec.decode(W3CHttpResponseCodec.java:138)\r\n\tat org.openqa.selenium.remote.codec.w3c.W3CHttpResponseCodec.decode(W3CHttpResponseCodec.java:50)\r\n\tat org.openqa.selenium.remote.HttpCommandExecutor.execute(HttpCommandExecutor.java:190)\r\n\tat io.appium.java_client.remote.AppiumCommandExecutor.execute(AppiumCommandExecutor.java:237)\r\n\tat org.openqa.selenium.remote.RemoteWebDriver.execute(RemoteWebDriver.java:545)\r\n\tat org.openqa.selenium.remote.ElementLocation$ElementFinder$2.findElement(ElementLocation.java:165)\r\n\tat org.openqa.selenium.remote.ElementLocation.findElement(ElementLocation.java:66)\r\n\tat org.openqa.selenium.remote.RemoteWebDriver.findElement(RemoteWebDriver.java:368)\r\n\tat org.openqa.selenium.remote.RemoteWebDriver.findElement(RemoteWebDriver.java:362)\r\n\tat PageObjects.LoginPage.selectCountry(LoginPage.java:49)\r\n\tat StepDefinitions.LoginSteps.user_to_select_country_dropdown(LoginSteps.java:81)\r\n\tat ✽.User to select country dropdown(file:///C:/Users/Hp/IdeaProjects/AppiumBDDFramework/src/test/resources/features/Login.feature:15)\r\n"},"stage":"finished","steps":[],"attachments":[],"parameters":[],"start":1734317025860,"stop":1734317026800},{"name":"And User to check save button","status":"skipped","statusDetails":{"known":false,"muted":false,"flaky":false},"stage":"finished","steps":[],"attachments":[],"parameters":[],"start":1734317026803,"stop":1734317026805},{"name":"Then User successfully into store App.","status":"skipped","statusDetails":{"known":false,"muted":false,"flaky":false},"stage":"finished","steps":[],"attachments":[],"parameters":[],"start":1734317026805,"stop":1734317026806}],"attachments":[],"parameters":[],"start":1734317019199,"stop":1734317026819}